# JRE version: Java(TM) SE Runtime Environment (8.0_161-b12) (build 1.8.0_161-b12)
# Java VM: Java HotSpot(TM) 64-Bit Server VM (25.161-b12 mixed mode bsd-amd64 compressed oops)
Heap:
 PSYoungGen      total 272896K, used 10721K [0x000000076ab00000, 0x0000000783780000, 0x00000007c0000000)
  eden space 262144K, 0% used [0x000000076ab00000,0x000000076ab00000,0x000000077ab00000)
  from space 10752K, 99% used [0x000000077ab00000,0x000000077b578510,0x000000077b580000)
  to   space 19456K, 0% used [0x0000000782480000,0x0000000782480000,0x0000000783780000)
 ParOldGen       total 136192K, used 25942K [0x00000006c0000000, 0x00000006c8500000, 0x000000076ab00000)
  object space 136192K, 19% used [0x00000006c0000000,0x00000006c1955bd8,0x00000006c8500000)
 Metaspace       used 34444K, capacity 35354K, committed 35496K, reserved 1081344K
  class space    used 4324K, capacity 4604K, committed 4608K, reserved 1048576K
GC Heap History (10 events):
Event: 2.844 GC heap after
Heap after GC invocations=2 (full 0):
 PSYoungGen      total 141824K, used 10730K [0x000000076ab00000, 0x0000000774000000, 0x00000007c0000000)
  eden space 131072K, 0% used [0x000000076ab00000,0x000000076ab00000,0x0000000772b00000)
  from space 10752K, 99% used [0x0000000773580000,0x0000000773ffaae0,0x0000000774000000)
  to   space 10752K, 0% used [0x0000000772b00000,0x0000000772b00000,0x0000000773580000)
 ParOldGen       total 175104K, used 593K [0x00000006c0000000, 0x00000006cab00000, 0x000000076ab00000)
  object space 175104K, 0% used [0x00000006c0000000,0x00000006c0094490,0x00000006cab00000)
 Metaspace       used 15104K, capacity 15278K, committed 15616K, reserved 1062912K
  class space    used 1838K, capacity 1941K, committed 2048K, reserved 1048576K
}
Event: 4.567 GC heap before
{Heap before GC invocations=3 (full 0):
 PSYoungGen      total 141824K, used 141802K [0x000000076ab00000, 0x0000000774000000, 0x00000007c0000000)
  eden space 131072K, 100% used [0x000000076ab00000,0x0000000772b00000,0x0000000772b00000)
  from space 10752K, 99% used [0x0000000773580000,0x0000000773ffaae0,0x0000000774000000)
  to   space 10752K, 0% used [0x0000000772b00000,0x0000000772b00000,0x0000000773580000)
 ParOldGen       total 175104K, used 593K [0x00000006c0000000, 0x00000006cab00000, 0x000000076ab00000)
  object space 175104K, 0% used [0x00000006c0000000,0x00000006c0094490,0x00000006cab00000)
 Metaspace       used 17306K, capacity 17710K, committed 18048K, reserved 1064960K
  class space    used 2016K, capacity 2125K, committed 2176K, reserved 1048576K
Event: 4.598 GC heap after
Heap after GC invocations=3 (full 0):
 PSYoungGen      total 141824K, used 10720K [0x000000076ab00000, 0x000000077c000000, 0x00000007c0000000)
  eden space 131072K, 0% used [0x000000076ab00000,0x000000076ab00000,0x0000000772b00000)
  from space 10752K, 99% used [0x0000000772b00000,0x0000000773578020,0x0000000773580000)
  to   space 10752K, 0% used [0x000000077b580000,0x000000077b580000,0x000000077c000000)
 ParOldGen       total 175104K, used 9951K [0x00000006c0000000, 0x00000006cab00000, 0x000000076ab00000)
  object space 175104K, 5% used [0x00000006c0000000,0x00000006c09b7ca0,0x00000006cab00000)
 Metaspace       used 17306K, capacity 17710K, committed 18048K, reserved 1064960K
  class space    used 2016K, capacity 2125K, committed 2176K, reserved 1048576K
}
Event: 5.447 GC heap before
{Heap before GC invocations=4 (full 0):
 PSYoungGen      total 141824K, used 76730K [0x000000076ab00000, 0x000000077c000000, 0x00000007c0000000)
  eden space 131072K, 50% used [0x000000076ab00000,0x000000076eb76800,0x0000000772b00000)
  from space 10752K, 99% used [0x0000000772b00000,0x0000000773578020,0x0000000773580000)
  to   space 10752K, 0% used [0x000000077b580000,0x000000077b580000,0x000000077c000000)
 ParOldGen       total 175104K, used 9951K [0x00000006c0000000, 0x00000006cab00000, 0x000000076ab00000)
  object space 175104K, 5% used [0x00000006c0000000,0x00000006c09b7ca0,0x00000006cab00000)
 Metaspace       used 20600K, capacity 21118K, committed 21296K, reserved 1069056K
  class space    used 2458K, capacity 2651K, committed 2688K, reserved 1048576K
Event: 5.478 GC heap after
Heap after GC invocations=4 (full 0):
 PSYoungGen      total 272896K, used 10736K [0x000000076ab00000, 0x000000077c000000, 0x00000007c0000000)
  eden space 262144K, 0% used [0x000000076ab00000,0x000000076ab00000,0x000000077ab00000)
  from space 10752K, 99% used [0x000000077b580000,0x000000077bffc010,0x000000077c000000)
  to   space 10752K, 0% used [0x000000077ab00000,0x000000077ab00000,0x000000077b580000)
 ParOldGen       total 175104K, used 14905K [0x00000006c0000000, 0x00000006cab00000, 0x000000076ab00000)
  object space 175104K, 8% used [0x00000006c0000000,0x00000006c0e8e758,0x00000006cab00000)
 Metaspace       used 20600K, capacity 21118K, committed 21296K, reserved 1069056K
  class space    used 2458K, capacity 2651K, committed 2688K, reserved 1048576K
}
Event: 5.478 GC heap before
{Heap before GC invocations=5 (full 1):
 PSYoungGen      total 272896K, used 10736K [0x000000076ab00000, 0x000000077c000000, 0x00000007c0000000)
  eden space 262144K, 0% used [0x000000076ab00000,0x000000076ab00000,0x000000077ab00000)
  from space 10752K, 99% used [0x000000077b580000,0x000000077bffc010,0x000000077c000000)
  to   space 10752K, 0% used [0x000000077ab00000,0x000000077ab00000,0x000000077b580000)
 ParOldGen       total 175104K, used 14905K [0x00000006c0000000, 0x00000006cab00000, 0x000000076ab00000)
  object space 175104K, 8% used [0x00000006c0000000,0x00000006c0e8e758,0x00000006cab00000)
 Metaspace       used 20600K, capacity 21118K, committed 21296K, reserved 1069056K
  class space    used 2458K, capacity 2651K, committed 2688K, reserved 1048576K
Event: 5.634 GC heap after
Heap after GC invocations=5 (full 1):
 PSYoungGen      total 272896K, used 0K [0x000000076ab00000, 0x000000077c000000, 0x00000007c0000000)
  eden space 262144K, 0% used [0x000000076ab00000,0x000000076ab00000,0x000000077ab00000)
  from space 10752K, 0% used [0x000000077b580000,0x000000077b580000,0x000000077c000000)
  to   space 10752K, 0% used [0x000000077ab00000,0x000000077ab00000,0x000000077b580000)
 ParOldGen       total 136192K, used 22610K [0x00000006c0000000, 0x00000006c8500000, 0x000000076ab00000)
  object space 136192K, 16% used [0x00000006c0000000,0x00000006c1614a60,0x00000006c8500000)
 Metaspace       used 20600K, capacity 21118K, committed 21296K, reserved 1069056K
  class space    used 2458K, capacity 2651K, committed 2688K, reserved 1048576K
}
Event: 7.044 GC heap before
{Heap before GC invocations=6 (full 1):
 PSYoungGen      total 272896K, used 100558K [0x000000076ab00000, 0x000000077c000000, 0x00000007c0000000)
  eden space 262144K, 38% used [0x000000076ab00000,0x0000000770d338b0,0x000000077ab00000)
  from space 10752K, 0% used [0x000000077b580000,0x000000077b580000,0x000000077c000000)
  to   space 10752K, 0% used [0x000000077ab00000,0x000000077ab00000,0x000000077b580000)
 ParOldGen       total 136192K, used 22610K [0x00000006c0000000, 0x00000006c8500000, 0x000000076ab00000)
  object space 136192K, 16% used [0x00000006c0000000,0x00000006c1614a60,0x00000006c8500000)
 Metaspace       used 34444K, capacity 35354K, committed 35496K, reserved 1081344K
  class space    used 4324K, capacity 4604K, committed 4608K, reserved 1048576K
Event: 7.067 GC heap after
Heap after GC invocations=6 (full 1):
 PSYoungGen      total 272896K, used 10721K [0x000000076ab00000, 0x0000000783780000, 0x00000007c0000000)
  eden space 262144K, 0% used [0x000000076ab00000,0x000000076ab00000,0x000000077ab00000)
  from space 10752K, 99% used [0x000000077ab00000,0x000000077b578510,0x000000077b580000)
  to   space 19456K, 0% used [0x0000000782480000,0x0000000782480000,0x0000000783780000)
 ParOldGen       total 136192K, used 25942K [0x00000006c0000000, 0x00000006c8500000, 0x000000076ab00000)
  object space 136192K, 19% used [0x00000006c0000000,0x00000006c1955bd8,0x00000006c8500000)
 Metaspace       used 34444K, capacity 35354K, committed 35496K, reserved 1081344K
  class space    used 4324K, capacity 4604K, committed 4608K, reserved 1048576K
}
Event: 7.067 GC heap before
{Heap before GC invocations=7 (full 2):
 PSYoungGen      total 272896K, used 10721K [0x000000076ab00000, 0x0000000783780000, 0x00000007c0000000)
  eden space 262144K, 0% used [0x000000076ab00000,0x000000076ab00000,0x000000077ab00000)
  from space 10752K, 99% used [0x000000077ab00000,0x000000077b578510,0x000000077b580000)
  to   space 19456K, 0% used [0x0000000782480000,0x0000000782480000,0x0000000783780000)
 ParOldGen       total 136192K, used 25942K [0x00000006c0000000, 0x00000006c8500000, 0x000000076ab00000)
  object space 136192K, 19% used [0x00000006c0000000,0x00000006c1955bd8,0x00000006c8500000)
 Metaspace       used 34444K, capacity 35354K, committed 35496K, reserved 1081344K
  class space    used 4324K, capacity 4604K, committed 4608K, reserved 1048576K

